<?xml version="1.0" encoding="UTF-8"?>
<!-- Generated by org.testng.reporters.JUnitReportReporter -->
<testsuite hostname="DESKTOP-STF0RJC" failures="0" tests="1" name="testCases.TestPending_Leave_Request" time="4.709" errors="0" timestamp="2024-12-04T16:41:10 IST" skipped="0">
  <testcase classname="testCases.TestPending_Leave_Request" name="verifyPendingLeaveRequests" time="4.709"/>
  <system-out/>
</testsuite> <!-- testCases.TestPending_Leave_Request -->
