<?xml version="1.0" encoding="UTF-8"?>
<!-- Generated by org.testng.reporters.JUnitReportReporter -->
<testsuite hostname="DESKTOP-STF0RJC" failures="0" tests="1" name="testCases.TestUser_Role" time="3.222" errors="0" timestamp="2024-12-04T16:41:10 IST" skipped="0">
  <testcase classname="testCases.TestUser_Role" name="checkuserrole" time="3.222"/>
  <system-out/>
</testsuite> <!-- testCases.TestUser_Role -->
